Performing C SOURCE FILE Test CMAKE_HAVE_LIBC_PTHREAD failed with the following output:
Change Dir: /home/tractor/catkin_ws/build/CMakeFiles/CMakeTmp

Run Build Command(s):/usr/bin/make cmTC_8068e/fast && /usr/bin/make -f CMakeFiles/cmTC_8068e.dir/build.make CMakeFiles/cmTC_8068e.dir/build
make[1]: Entering directory '/home/tractor/catkin_ws/build/CMakeFiles/CMakeTmp'
Building C object CMakeFiles/cmTC_8068e.dir/src.c.o
/usr/bin/cc   -DCMAKE_HAVE_LIBC_PTHREAD   -o CMakeFiles/cmTC_8068e.dir/src.c.o   -c /home/tractor/catkin_ws/build/CMakeFiles/CMakeTmp/src.c
Linking C executable cmTC_8068e
/usr/bin/cmake -E cmake_link_script CMakeFiles/cmTC_8068e.dir/link.txt --verbose=1
/usr/bin/cc  -DCMAKE_HAVE_LIBC_PTHREAD    -rdynamic CMakeFiles/cmTC_8068e.dir/src.c.o  -o cmTC_8068e 
/usr/bin/ld: CMakeFiles/cmTC_8068e.dir/src.c.o: in function `main':
src.c:(.text+0x46): undefined reference to `pthread_create'
/usr/bin/ld: src.c:(.text+0x52): undefined reference to `pthread_detach'
/usr/bin/ld: src.c:(.text+0x63): undefined reference to `pthread_join'
collect2: error: ld returned 1 exit status
make[1]: *** [CMakeFiles/cmTC_8068e.dir/build.make:87: cmTC_8068e] Error 1
make[1]: Leaving directory '/home/tractor/catkin_ws/build/CMakeFiles/CMakeTmp'
make: *** [Makefile:121: cmTC_8068e/fast] Error 2


Source file was:
#include <pthread.h>

void* test_func(void* data)
{
  return data;
}

int main(void)
{
  pthread_t thread;
  pthread_create(&thread, NULL, test_func, NULL);
  pthread_detach(thread);
  pthread_join(thread, NULL);
  pthread_atfork(NULL, NULL, NULL);
  pthread_exit(NULL);

  return 0;
}

Determining if the function pthread_create exists in the pthreads failed with the following output:
Change Dir: /home/tractor/catkin_ws/build/CMakeFiles/CMakeTmp

Run Build Command(s):/usr/bin/make cmTC_f929d/fast && /usr/bin/make -f CMakeFiles/cmTC_f929d.dir/build.make CMakeFiles/cmTC_f929d.dir/build
make[1]: Entering directory '/home/tractor/catkin_ws/build/CMakeFiles/CMakeTmp'
Building C object CMakeFiles/cmTC_f929d.dir/CheckFunctionExists.c.o
/usr/bin/cc   -DCHECK_FUNCTION_EXISTS=pthread_create   -o CMakeFiles/cmTC_f929d.dir/CheckFunctionExists.c.o   -c /usr/share/cmake-3.16/Modules/CheckFunctionExists.c
Linking C executable cmTC_f929d
/usr/bin/cmake -E cmake_link_script CMakeFiles/cmTC_f929d.dir/link.txt --verbose=1
/usr/bin/cc  -DCHECK_FUNCTION_EXISTS=pthread_create    -rdynamic CMakeFiles/cmTC_f929d.dir/CheckFunctionExists.c.o  -o cmTC_f929d  -lpthreads 
/usr/bin/ld: cannot find -lpthreads
collect2: error: ld returned 1 exit status
make[1]: *** [CMakeFiles/cmTC_f929d.dir/build.make:87: cmTC_f929d] Error 1
make[1]: Leaving directory '/home/tractor/catkin_ws/build/CMakeFiles/CMakeTmp'
make: *** [Makefile:121: cmTC_f929d/fast] Error 2



Performing C SOURCE FILE Test CMAKE_HAVE_LIBC_PTHREAD failed with the following output:
Change Dir: /home/tractor/catkin_ws/build/CMakeFiles/CMakeTmp

Run Build Command(s):/usr/bin/make cmTC_b4722/fast && make[1]: Entering directory '/home/tractor/catkin_ws/build/CMakeFiles/CMakeTmp'
/usr/bin/make -f CMakeFiles/cmTC_b4722.dir/build.make CMakeFiles/cmTC_b4722.dir/build
make[2]: Entering directory '/home/tractor/catkin_ws/build/CMakeFiles/CMakeTmp'
Building C object CMakeFiles/cmTC_b4722.dir/src.c.o
/usr/bin/cc   -DCMAKE_HAVE_LIBC_PTHREAD   -o CMakeFiles/cmTC_b4722.dir/src.c.o   -c /home/tractor/catkin_ws/build/CMakeFiles/CMakeTmp/src.c
Linking C executable cmTC_b4722
/usr/bin/cmake -E cmake_link_script CMakeFiles/cmTC_b4722.dir/link.txt --verbose=1
/usr/bin/cc  -DCMAKE_HAVE_LIBC_PTHREAD    -rdynamic CMakeFiles/cmTC_b4722.dir/src.c.o  -o cmTC_b4722 
/usr/bin/ld: CMakeFiles/cmTC_b4722.dir/src.c.o: in function `main':
src.c:(.text+0x46): undefined reference to `pthread_create'
/usr/bin/ld: src.c:(.text+0x52): undefined reference to `pthread_detach'
/usr/bin/ld: src.c:(.text+0x63): undefined reference to `pthread_join'
collect2: error: ld returned 1 exit status
make[2]: *** [CMakeFiles/cmTC_b4722.dir/build.make:87: cmTC_b4722] Error 1
make[2]: Leaving directory '/home/tractor/catkin_ws/build/CMakeFiles/CMakeTmp'
make[1]: *** [Makefile:121: cmTC_b4722/fast] Error 2
make[1]: Leaving directory '/home/tractor/catkin_ws/build/CMakeFiles/CMakeTmp'


Source file was:
#include <pthread.h>

void* test_func(void* data)
{
  return data;
}

int main(void)
{
  pthread_t thread;
  pthread_create(&thread, NULL, test_func, NULL);
  pthread_detach(thread);
  pthread_join(thread, NULL);
  pthread_atfork(NULL, NULL, NULL);
  pthread_exit(NULL);

  return 0;
}

Determining if the function pthread_create exists in the pthreads failed with the following output:
Change Dir: /home/tractor/catkin_ws/build/CMakeFiles/CMakeTmp

Run Build Command(s):/usr/bin/make cmTC_3203b/fast && make[1]: Entering directory '/home/tractor/catkin_ws/build/CMakeFiles/CMakeTmp'
/usr/bin/make -f CMakeFiles/cmTC_3203b.dir/build.make CMakeFiles/cmTC_3203b.dir/build
make[2]: Entering directory '/home/tractor/catkin_ws/build/CMakeFiles/CMakeTmp'
Building C object CMakeFiles/cmTC_3203b.dir/CheckFunctionExists.c.o
/usr/bin/cc   -DCHECK_FUNCTION_EXISTS=pthread_create   -o CMakeFiles/cmTC_3203b.dir/CheckFunctionExists.c.o   -c /usr/share/cmake-3.16/Modules/CheckFunctionExists.c
Linking C executable cmTC_3203b
/usr/bin/cmake -E cmake_link_script CMakeFiles/cmTC_3203b.dir/link.txt --verbose=1
/usr/bin/cc  -DCHECK_FUNCTION_EXISTS=pthread_create    -rdynamic CMakeFiles/cmTC_3203b.dir/CheckFunctionExists.c.o  -o cmTC_3203b  -lpthreads 
/usr/bin/ld: cannot find -lpthreads
collect2: error: ld returned 1 exit status
make[2]: *** [CMakeFiles/cmTC_3203b.dir/build.make:87: cmTC_3203b] Error 1
make[2]: Leaving directory '/home/tractor/catkin_ws/build/CMakeFiles/CMakeTmp'
make[1]: *** [Makefile:121: cmTC_3203b/fast] Error 2
make[1]: Leaving directory '/home/tractor/catkin_ws/build/CMakeFiles/CMakeTmp'



